[2019-10-31 09:14:18] ConnectionServer-onWorkerStart['worker process']
[2019-10-31 09:14:18] ConnectionServer-onWorkerStart['worker process']
[2019-10-31 09:14:18] ConnectionServer-onWorkerStart['worker process']
[2019-10-31 09:14:18] ConnectionServer-onWorkerStart['worker process']
[2019-10-31 09:14:18] ConnectionServer-onWorkerStart['worker process']
[2019-10-31 09:14:18] ConnectionServer-onWorkerStart['worker process']
[2019-10-31 09:14:18] ConnectionServer-onWorkerStart['worker process']
[2019-10-31 09:14:18] ConnectionServer-onWorkerStart['worker process']
[2019-10-31 09:14:18] ConnectionServer-onWorkerStart['worker process']
[2019-10-31 09:14:18] ConnectionServer-onWorkerStart['worker process']
[2019-10-31 09:14:18] ConnectionServer-onWorkerStart['worker process']
[2019-10-31 09:14:18] ConnectionServer-onWorkerStart['worker process']
[2019-10-31 09:14:18] ConnectionServer-onWorkerStart['worker process']
[2019-10-31 09:14:18] ConnectionServer-onWorkerStart['worker process']
[2019-10-31 09:14:18] ConnectionServer-onWorkerStart['worker process']
[2019-10-31 09:14:18] ConnectionServer-onWorkerStart['worker process']
[2019-10-31 09:14:18] ConnectionServer-onWorkerStart['worker process']
[2019-10-31 09:14:18] ConnectionServer-onWorkerStart['worker process']
[2019-10-31 09:14:18] ConnectionServer-onWorkerStart['worker process']
[2019-10-31 09:14:18] ConnectionServer-onWorkerStart['worker process']
[2019-10-31 09:14:18] ConnectionServer-onWorkerStart['worker process']
[2019-10-31 09:14:18] ConnectionServer-onWorkerStart['worker process']
[2019-10-31 09:14:18] ConnectionServer-onWorkerStart['worker process']
[2019-10-31 09:14:18] ConnectionServer-onWorkerStart['worker process']
[2019-10-31 09:14:18] ConnectionServer-onWorkerStart['worker process']
[2019-10-31 09:14:18] ConnectionServer-onWorkerStart['worker process']
[2019-10-31 09:14:18] ConnectionServer-onWorkerStart['worker process']
[2019-10-31 09:14:18] ConnectionServer-onWorkerStart['worker process']
[2019-10-31 09:14:18] ConnectionServer-onWorkerStart['worker process']
[2019-10-31 09:14:18] ConnectionServer-onWorkerStart['worker process']
[2019-10-31 09:14:18] ConnectionServer-onWorkerStart['worker process']
[2019-10-31 09:14:18] ConnectionServer-onWorkerStart['worker process']
[2019-10-31 09:14:18] ConnectionServer-onWorkerStart['mysql']App\ConnectionPools\MysqlPool\MySQLException: connect write hlyun_center failed, ErrorCode: 111
 in /alidata/server/ConnectionPools/app/ConnectionPools/ConnectionServer.php:254
Stack trace:
#0 /alidata/server/ConnectionPools/app/ConnectionPools/ConnectionServer.php(227): App\ConnectionPools\ConnectionServer->setStartConns()
#1 /alidata/server/ConnectionPools/app/ConnectionPools/BasePools.php(31): App\ConnectionPools\ConnectionServer->App\ConnectionPools\{closure}()
#2 {main}
[2019-10-31 09:14:18] BasePoolsServer-__construst[swoole start]
