[2019-08-06 18:19:29] ConnectionServer-onWorkerStart['worker process']
[2019-08-06 18:19:29] ConnectionServer-onWorkerStart['worker process']
[2019-08-06 18:19:29] ConnectionServer-onWorkerStart['worker process']
[2019-08-06 18:19:29] ConnectionServer-onWorkerStart['worker process']
[2019-08-06 18:19:29] ConnectionServer-onWorkerStart['worker process']
[2019-08-06 18:19:29] ConnectionServer-onWorkerStart['worker process']
[2019-08-06 18:19:29] ConnectionServer-onWorkerStart['worker process']
[2019-08-06 18:19:29] ConnectionServer-onWorkerStart['worker process']
[2019-08-06 18:19:29] ConnectionServer-onWorkerStart['worker process']
[2019-08-06 18:19:29] ConnectionServer-onWorkerStart['worker process']
[2019-08-06 18:19:29] ConnectionServer-onWorkerStart['worker process']
[2019-08-06 18:19:29] ConnectionServer-onWorkerStart['worker process']
[2019-08-06 18:19:29] ConnectionServer-onWorkerStart['worker process']
[2019-08-06 18:19:29] ConnectionServer-onWorkerStart['worker process']
[2019-08-06 18:19:29] ConnectionServer-onWorkerStart['worker process']
[2019-08-06 18:19:29] ConnectionServer-onWorkerStart['worker process']
[2019-08-06 18:19:29] ConnectionServer-onWorkerStart['worker process']
[2019-08-06 18:19:29] ConnectionServer-onWorkerStart['worker process']
[2019-08-06 18:19:29] ConnectionServer-onWorkerStart['worker process']
[2019-08-06 18:19:29] ConnectionServer-onWorkerStart['worker process']
[2019-08-06 18:19:29] ConnectionServer-onWorkerStart['worker process']
[2019-08-06 18:19:29] ConnectionServer-onWorkerStart['worker process']
[2019-08-06 18:19:29] ConnectionServer-onWorkerStart['worker process']
[2019-08-06 18:19:29] ConnectionServer-onWorkerStart['worker process']
[2019-08-06 18:19:29] ConnectionServer-onWorkerStart['worker process']
[2019-08-06 18:19:29] ConnectionServer-onWorkerStart['worker process']
[2019-08-06 18:19:29] ConnectionServer-onWorkerStart['worker process']
[2019-08-06 18:19:29] ConnectionServer-onWorkerStart['worker process']
[2019-08-06 18:19:29] ConnectionServer-onWorkerStart['worker process']
[2019-08-06 18:19:29] ConnectionServer-onWorkerStart['worker process']
[2019-08-06 18:19:29] ConnectionServer-onWorkerStart['worker process']
[2019-08-06 18:19:29] ConnectionServer-onWorkerStart['worker process']
[2019-08-06 18:19:29] ConnectionServer-onWorkerStart['mysql']App\ConnectionPools\MysqlPool\MySQLException: connect write hlyun_center failed, ErrorCode: 111
 in /alidata/server/ConnectionPools/app/ConnectionPools/ConnectionServer.php:254
Stack trace:
#0 /alidata/server/ConnectionPools/app/ConnectionPools/ConnectionServer.php(227): App\ConnectionPools\ConnectionServer->setStartConns()
#1 /alidata/server/ConnectionPools/app/ConnectionPools/BasePools.php(31): App\ConnectionPools\ConnectionServer->App\ConnectionPools\{closure}()
#2 {main}
[2019-08-06 18:19:29] BasePoolsServer-__construst[swoole start]
[2019-08-06 18:19:36] Command-Command-commandHandler
[2019-08-06 18:19:36] Command-ServerCommand-start
[2019-08-06 18:19:36] BasePoolsServer-onStart
[2019-08-06 18:19:36] ConnectionServer-onWorkerStart['task process']
[2019-08-06 18:19:36] ConnectionServer-onWorkerStart['task process']
[2019-08-06 18:19:36] ConnectionServer-onWorkerStart['task process']
[2019-08-06 18:19:36] ConnectionServer-onWorkerStart['task process']
[2019-08-06 18:19:36] ConnectionServer-onWorkerStart['task process']
[2019-08-06 18:19:36] ConnectionServer-onWorkerStart['task process']
[2019-08-06 18:19:36] ConnectionServer-onWorkerStart['task process']
[2019-08-06 18:19:36] ConnectionServer-onWorkerStart['task process']
[2019-08-06 18:19:36] ConnectionServer-onWorkerStart['task process']
[2019-08-06 18:19:36] ConnectionServer-onWorkerStart['task process']
[2019-08-06 18:19:36] ConnectionServer-onWorkerStart['task process']
[2019-08-06 18:19:36] ConnectionServer-onWorkerStart['task process']
[2019-08-06 18:19:36] ConnectionServer-onWorkerStart['task process']
[2019-08-06 18:19:36] ConnectionServer-onWorkerStart['task process']
[2019-08-06 18:19:36] ConnectionServer-onWorkerStart['task process']
[2019-08-06 18:19:36] ConnectionServer-onWorkerStart['task process']
[2019-08-06 18:19:36] ConnectionServer-onWorkerStart['task process']
[2019-08-06 18:19:36] ConnectionServer-onWorkerStart['task process']
[2019-08-06 18:19:36] ConnectionServer-onWorkerStart['task process']
[2019-08-06 18:19:36] ConnectionServer-onWorkerStart['task process']
[2019-08-06 18:19:36] ConnectionServer-onWorkerStart['task process']
[2019-08-06 18:19:36] ConnectionServer-onWorkerStart['task process']
[2019-08-06 18:19:36] ConnectionServer-onWorkerStart['task process']
[2019-08-06 18:19:36] ConnectionServer-onWorkerStart['task process']
[2019-08-06 18:19:36] ConnectionServer-onWorkerStart['task process']
[2019-08-06 18:19:36] ConnectionServer-onWorkerStart['task process']
[2019-08-06 18:19:36] ConnectionServer-onWorkerStart['task process']
[2019-08-06 18:19:36] ConnectionServer-onWorkerStart['task process']
[2019-08-06 18:19:36] ConnectionServer-onWorkerStart['task process']
[2019-08-06 18:19:36] ConnectionServer-onWorkerStart['task process']
[2019-08-06 18:19:36] ConnectionServer-onWorkerStart['task process']
[2019-08-06 18:19:36] ConnectionServer-onWorkerStart['task process']
[2019-08-06 18:19:36] ConnectionServer-onWorkerStart['task process']
[2019-08-06 18:19:36] ConnectionServer-onWorkerStart['task process']
[2019-08-06 18:19:36] ConnectionServer-onWorkerStart['task process']
[2019-08-06 18:19:36] ConnectionServer-onWorkerStart['task process']
[2019-08-06 18:19:36] ConnectionServer-onWorkerStart['task process']
[2019-08-06 18:19:36] ConnectionServer-onWorkerStart['task process']
[2019-08-06 18:19:36] ConnectionServer-onWorkerStart['task process']
[2019-08-06 18:19:36] ConnectionServer-onWorkerStart['task process']
[2019-08-06 18:19:36] ConnectionServer-onWorkerStart['task process']
[2019-08-06 18:19:36] ConnectionServer-onWorkerStart['task process']
[2019-08-06 18:19:36] ConnectionServer-onWorkerStart['task process']
[2019-08-06 18:19:36] ConnectionServer-onWorkerStart['task process']
[2019-08-06 18:19:36] ConnectionServer-onWorkerStart['task process']
[2019-08-06 18:19:36] ConnectionServer-onWorkerStart['task process']
[2019-08-06 18:19:36] ConnectionServer-onWorkerStart['task process']
[2019-08-06 18:19:36] ConnectionServer-onWorkerStart['task process']
[2019-08-06 18:19:36] ConnectionServer-onWorkerStart['task process']
[2019-08-06 18:19:36] ConnectionServer-onWorkerStart['task process']
[2019-08-06 18:19:36] ConnectionServer-onWorkerStart['task process']
[2019-08-06 18:19:36] ConnectionServer-onWorkerStart['task process']
[2019-08-06 18:19:36] ConnectionServer-onWorkerStart['task process']
[2019-08-06 18:19:36] ConnectionServer-onWorkerStart['task process']
[2019-08-06 18:19:36] ConnectionServer-onWorkerStart['task process']
[2019-08-06 18:19:36] ConnectionServer-onWorkerStart['task process']
[2019-08-06 18:19:36] ConnectionServer-onWorkerStart['task process']
[2019-08-06 18:19:36] ConnectionServer-onWorkerStart['task process']
[2019-08-06 18:19:36] ConnectionServer-onWorkerStart['task process']
[2019-08-06 18:19:36] ConnectionServer-onWorkerStart['task process']
[2019-08-06 18:19:36] ConnectionServer-onWorkerStart['task process']
[2019-08-06 18:19:36] ConnectionServer-onWorkerStart['task process']
[2019-08-06 18:19:36] ConnectionServer-onWorkerStart['task process']
[2019-08-06 18:19:36] ConnectionServer-onWorkerStart['task process']
[2019-08-06 18:19:36] ConnectionServer-onWorkerStart['task process']
[2019-08-06 18:19:36] ConnectionServer-onWorkerStart['task process']
[2019-08-06 18:19:36] ConnectionServer-onWorkerStart['task process']
[2019-08-06 18:19:36] ConnectionServer-onWorkerStart['task process']
[2019-08-06 18:19:36] ConnectionServer-onWorkerStart['task process']
[2019-08-06 18:19:36] ConnectionServer-onWorkerStart['task process']
[2019-08-06 18:19:36] ConnectionServer-onWorkerStart['task process']
[2019-08-06 18:19:36] ConnectionServer-onWorkerStart['task process']
[2019-08-06 18:19:36] ConnectionServer-onWorkerStart['task process']
[2019-08-06 18:19:36] ConnectionServer-onWorkerStart['task process']
[2019-08-06 18:19:36] ConnectionServer-onWorkerStart['task process']
[2019-08-06 18:19:36] ConnectionServer-onWorkerStart['task process']
[2019-08-06 18:19:36] ConnectionServer-onWorkerStart['worker process']
[2019-08-06 18:19:36] ConnectionServer-onWorkerStart['task process']
[2019-08-06 18:19:36] ConnectionServer-onWorkerStart['worker process']
[2019-08-06 18:19:36] ConnectionServer-onWorkerStart['worker process']
[2019-08-06 18:19:36] ConnectionServer-onWorkerStart['worker process']
[2019-08-06 18:19:36] ConnectionServer-onWorkerStart['task process']
[2019-08-06 18:19:36] ConnectionServer-onWorkerStart['worker process']
[2019-08-06 18:19:36] ConnectionServer-onWorkerStart['worker process']
[2019-08-06 18:19:36] ConnectionServer-onWorkerStart['worker process']
[2019-08-06 18:19:36] ConnectionServer-onWorkerStart['worker process']
[2019-08-06 18:19:36] ConnectionServer-onWorkerStart['task process']
[2019-08-06 18:19:36] ConnectionServer-onWorkerStart['task process']
[2019-08-06 18:19:36] ConnectionServer-onWorkerStart['worker process']
[2019-08-06 18:19:36] ConnectionServer-onWorkerStart['worker process']
[2019-08-06 18:19:36] ConnectionServer-onWorkerStart['worker process']
[2019-08-06 18:19:36] ConnectionServer-onWorkerStart['worker process']
[2019-08-06 18:19:36] ConnectionServer-onWorkerStart['worker process']
[2019-08-06 18:19:36] ConnectionServer-onWorkerStart['worker process']
[2019-08-06 18:19:36] ConnectionServer-onWorkerStart['worker process']
[2019-08-06 18:19:36] ConnectionServer-onWorkerStart['worker process']
[2019-08-06 18:19:36] ConnectionServer-onWorkerStart['worker process']
[2019-08-06 18:19:36] BasePoolsServer-onManagerStart
[2019-08-06 18:19:36] ConnectionServer-onWorkerStart['worker process']
[2019-08-06 18:19:36] ConnectionServer-onWorkerStart['worker process']
[2019-08-06 18:19:36] ConnectionServer-onWorkerStart['worker process']
[2019-08-06 18:19:36] ConnectionServer-onWorkerStart['worker process']
[2019-08-06 18:19:36] ConnectionServer-onWorkerStart['worker process']
[2019-08-06 18:19:36] ConnectionServer-onWorkerStart['worker process']
[2019-08-06 18:19:36] ConnectionServer-onWorkerStart['worker process']
[2019-08-06 18:19:36] ConnectionServer-onWorkerStart['worker process']
[2019-08-06 18:19:36] ConnectionServer-onWorkerStart['worker process']
[2019-08-06 18:19:36] ConnectionServer-onWorkerStart['worker process']
[2019-08-06 18:19:36] ConnectionServer-onWorkerStart['worker process']
[2019-08-06 18:19:36] ConnectionServer-onWorkerStart['worker process']
[2019-08-06 18:19:36] ConnectionServer-onWorkerStart['worker process']
[2019-08-06 18:19:36] ConnectionServer-onWorkerStart['worker process']
[2019-08-06 18:19:36] ConnectionServer-onWorkerStart['worker process']
[2019-08-06 18:19:36] ConnectionServer-onWorkerStart['Worker started!']
